<?xml version="1.0" encoding="UTF-8"?>
<!-- Generated by org.testng.reporters.JUnitReportReporter -->
<testsuite hostname="LAPTOP-SNTEJC7O" failures="0" tests="9" name="stauto.TestRunner" time="0.302" errors="0" timestamp="2024-07-30T10:33:16 IST" skipped="0">
  <testcase classname="stauto.TestRunner" name="runScenario" time="0.177"/>
  <testcase classname="stauto.TestRunner" name="runScenario" time="0.007"/>
  <testcase classname="stauto.TestRunner" name="runScenario" time="0.012"/>
  <testcase classname="stauto.TestRunner" name="runScenario" time="0.019"/>
  <testcase classname="stauto.TestRunner" name="runScenario" time="0.039"/>
  <testcase classname="stauto.TestRunner" name="runScenario" time="0.012"/>
  <testcase classname="stauto.TestRunner" name="runScenario" time="0.013"/>
  <testcase classname="stauto.TestRunner" name="runScenario" time="0.009"/>
  <testcase classname="stauto.TestRunner" name="runScenario" time="0.014"/>
</testsuite> <!-- stauto.TestRunner -->
