<?xml version="1.0" encoding="UTF-8"?>
<!-- Generated by org.testng.reporters.JUnitReportReporter -->
<testsuite hostname="LAPTOP-SNTEJC7O" failures="0" tests="1" name="stauto.TestHome" time="48.890" errors="0" timestamp="2024-08-07T10:49:33 IST" skipped="0">
  <testcase classname="stauto.TestHome" name="verifyClickingOnLogoHomePageDisplyed" time="48.890"/>
</testsuite> <!-- stauto.TestHome -->
