<?xml version="1.0" encoding="UTF-8"?>
<!-- Generated by org.testng.reporters.JUnitReportReporter -->
<testsuite hostname="LAPTOP-SNTEJC7O" failures="0" tests="1" name="stauto.TestHomePage" time="4.919" errors="0" timestamp="2024-07-20T10:24:18 IST" skipped="0">
  <testcase classname="stauto.TestHomePage" name="verifyHeaderSectionMenuLinks" time="4.919"/>
</testsuite> <!-- stauto.TestHomePage -->
